[2023-01-27 11:28:08] local.ERROR: Undefined index: name {"exception":"[object] (ErrorException(code: 0): Undefined index: name at /Applications/XAMPP/xamppfiles/htdocs/TecWeb2023/vendor/laravel/framework/src/Illuminate/Foundation/PackageManifest.php:122)
[stacktrace]
#0 /Applications/XAMPP/xamppfiles/htdocs/TecWeb2023/vendor/laravel/framework/src/Illuminate/Foundation/PackageManifest.php(122): Illuminate\\Foundation\\Bootstrap\\HandleExceptions->handleError(8, 'Undefined index...', '/Applications/X...', 122, Array)
#1 /Applications/XAMPP/xamppfiles/htdocs/TecWeb2023/vendor/laravel/framework/src/Illuminate/Support/Collection.php(685): Illuminate\\Foundation\\PackageManifest->Illuminate\\Foundation\\{closure}(Array, 'packages')
#2 /Applications/XAMPP/xamppfiles/htdocs/TecWeb2023/vendor/laravel/framework/src/Illuminate/Foundation/PackageManifest.php(123): Illuminate\\Support\\Collection->mapWithKeys(Object(Closure))
#3 /Applications/XAMPP/xamppfiles/htdocs/TecWeb2023/vendor/laravel/framework/src/Illuminate/Foundation/PackageManifest.php(97): Illuminate\\Foundation\\PackageManifest->build()
#4 /Applications/XAMPP/xamppfiles/htdocs/TecWeb2023/vendor/laravel/framework/src/Illuminate/Foundation/PackageManifest.php(80): Illuminate\\Foundation\\PackageManifest->getManifest()
#5 /Applications/XAMPP/xamppfiles/htdocs/TecWeb2023/vendor/laravel/framework/src/Illuminate/Foundation/Bootstrap/RegisterFacades.php(26): Illuminate\\Foundation\\PackageManifest->aliases()
#6 /Applications/XAMPP/xamppfiles/htdocs/TecWeb2023/vendor/laravel/framework/src/Illuminate/Foundation/Application.php(211): Illuminate\\Foundation\\Bootstrap\\RegisterFacades->bootstrap(Object(Illuminate\\Foundation\\Application))
#7 /Applications/XAMPP/xamppfiles/htdocs/TecWeb2023/vendor/laravel/framework/src/Illuminate/Foundation/Console/Kernel.php(320): Illuminate\\Foundation\\Application->bootstrapWith(Array)
#8 /Applications/XAMPP/xamppfiles/htdocs/TecWeb2023/vendor/laravel/framework/src/Illuminate/Foundation/Console/Kernel.php(129): Illuminate\\Foundation\\Console\\Kernel->bootstrap()
#9 /Applications/XAMPP/xamppfiles/htdocs/TecWeb2023/artisan(37): Illuminate\\Foundation\\Console\\Kernel->handle(Object(Symfony\\Component\\Console\\Input\\ArgvInput), Object(Symfony\\Component\\Console\\Output\\ConsoleOutput))
#10 {main}
"} 
[2023-01-27 11:28:25] local.ERROR: Undefined index: name {"exception":"[object] (ErrorException(code: 0): Undefined index: name at /Applications/XAMPP/xamppfiles/htdocs/TecWeb2023/vendor/laravel/framework/src/Illuminate/Foundation/PackageManifest.php:122)
[stacktrace]
#0 /Applications/XAMPP/xamppfiles/htdocs/TecWeb2023/vendor/laravel/framework/src/Illuminate/Foundation/PackageManifest.php(122): Illuminate\\Foundation\\Bootstrap\\HandleExceptions->handleError(8, 'Undefined index...', '/Applications/X...', 122, Array)
#1 /Applications/XAMPP/xamppfiles/htdocs/TecWeb2023/vendor/laravel/framework/src/Illuminate/Support/Collection.php(685): Illuminate\\Foundation\\PackageManifest->Illuminate\\Foundation\\{closure}(Array, 'packages')
#2 /Applications/XAMPP/xamppfiles/htdocs/TecWeb2023/vendor/laravel/framework/src/Illuminate/Foundation/PackageManifest.php(123): Illuminate\\Support\\Collection->mapWithKeys(Object(Closure))
#3 /Applications/XAMPP/xamppfiles/htdocs/TecWeb2023/vendor/laravel/framework/src/Illuminate/Foundation/PackageManifest.php(97): Illuminate\\Foundation\\PackageManifest->build()
#4 /Applications/XAMPP/xamppfiles/htdocs/TecWeb2023/vendor/laravel/framework/src/Illuminate/Foundation/PackageManifest.php(80): Illuminate\\Foundation\\PackageManifest->getManifest()
#5 /Applications/XAMPP/xamppfiles/htdocs/TecWeb2023/vendor/laravel/framework/src/Illuminate/Foundation/Bootstrap/RegisterFacades.php(26): Illuminate\\Foundation\\PackageManifest->aliases()
#6 /Applications/XAMPP/xamppfiles/htdocs/TecWeb2023/vendor/laravel/framework/src/Illuminate/Foundation/Application.php(211): Illuminate\\Foundation\\Bootstrap\\RegisterFacades->bootstrap(Object(Illuminate\\Foundation\\Application))
#7 /Applications/XAMPP/xamppfiles/htdocs/TecWeb2023/vendor/laravel/framework/src/Illuminate/Foundation/Console/Kernel.php(320): Illuminate\\Foundation\\Application->bootstrapWith(Array)
#8 /Applications/XAMPP/xamppfiles/htdocs/TecWeb2023/vendor/laravel/framework/src/Illuminate/Foundation/Console/Kernel.php(129): Illuminate\\Foundation\\Console\\Kernel->bootstrap()
#9 /Applications/XAMPP/xamppfiles/htdocs/TecWeb2023/artisan(37): Illuminate\\Foundation\\Console\\Kernel->handle(Object(Symfony\\Component\\Console\\Input\\ArgvInput), Object(Symfony\\Component\\Console\\Output\\ConsoleOutput))
#10 {main}
"} 
[2023-01-27 11:28:41] local.ERROR: Undefined index: name {"exception":"[object] (ErrorException(code: 0): Undefined index: name at /Applications/XAMPP/xamppfiles/htdocs/TecWeb2023/vendor/laravel/framework/src/Illuminate/Foundation/PackageManifest.php:122)
[stacktrace]
#0 /Applications/XAMPP/xamppfiles/htdocs/TecWeb2023/vendor/laravel/framework/src/Illuminate/Foundation/PackageManifest.php(122): Illuminate\\Foundation\\Bootstrap\\HandleExceptions->handleError(8, 'Undefined index...', '/Applications/X...', 122, Array)
#1 /Applications/XAMPP/xamppfiles/htdocs/TecWeb2023/vendor/laravel/framework/src/Illuminate/Support/Collection.php(685): Illuminate\\Foundation\\PackageManifest->Illuminate\\Foundation\\{closure}(Array, 'packages')
#2 /Applications/XAMPP/xamppfiles/htdocs/TecWeb2023/vendor/laravel/framework/src/Illuminate/Foundation/PackageManifest.php(123): Illuminate\\Support\\Collection->mapWithKeys(Object(Closure))
#3 /Applications/XAMPP/xamppfiles/htdocs/TecWeb2023/vendor/laravel/framework/src/Illuminate/Foundation/PackageManifest.php(97): Illuminate\\Foundation\\PackageManifest->build()
#4 /Applications/XAMPP/xamppfiles/htdocs/TecWeb2023/vendor/laravel/framework/src/Illuminate/Foundation/PackageManifest.php(80): Illuminate\\Foundation\\PackageManifest->getManifest()
#5 /Applications/XAMPP/xamppfiles/htdocs/TecWeb2023/vendor/laravel/framework/src/Illuminate/Foundation/Bootstrap/RegisterFacades.php(26): Illuminate\\Foundation\\PackageManifest->aliases()
#6 /Applications/XAMPP/xamppfiles/htdocs/TecWeb2023/vendor/laravel/framework/src/Illuminate/Foundation/Application.php(211): Illuminate\\Foundation\\Bootstrap\\RegisterFacades->bootstrap(Object(Illuminate\\Foundation\\Application))
#7 /Applications/XAMPP/xamppfiles/htdocs/TecWeb2023/vendor/laravel/framework/src/Illuminate/Foundation/Console/Kernel.php(320): Illuminate\\Foundation\\Application->bootstrapWith(Array)
#8 /Applications/XAMPP/xamppfiles/htdocs/TecWeb2023/vendor/laravel/framework/src/Illuminate/Foundation/Console/Kernel.php(129): Illuminate\\Foundation\\Console\\Kernel->bootstrap()
#9 /Applications/XAMPP/xamppfiles/htdocs/TecWeb2023/artisan(37): Illuminate\\Foundation\\Console\\Kernel->handle(Object(Symfony\\Component\\Console\\Input\\ArgvInput), Object(Symfony\\Component\\Console\\Output\\ConsoleOutput))
#10 {main}
"} 
[2023-01-27 11:28:54] local.ERROR: Undefined index: name {"exception":"[object] (ErrorException(code: 0): Undefined index: name at /Applications/XAMPP/xamppfiles/htdocs/TecWeb2023/vendor/laravel/framework/src/Illuminate/Foundation/PackageManifest.php:122)
[stacktrace]
#0 /Applications/XAMPP/xamppfiles/htdocs/TecWeb2023/vendor/laravel/framework/src/Illuminate/Foundation/PackageManifest.php(122): Illuminate\\Foundation\\Bootstrap\\HandleExceptions->handleError(8, 'Undefined index...', '/Applications/X...', 122, Array)
#1 /Applications/XAMPP/xamppfiles/htdocs/TecWeb2023/vendor/laravel/framework/src/Illuminate/Support/Collection.php(685): Illuminate\\Foundation\\PackageManifest->Illuminate\\Foundation\\{closure}(Array, 'packages')
#2 /Applications/XAMPP/xamppfiles/htdocs/TecWeb2023/vendor/laravel/framework/src/Illuminate/Foundation/PackageManifest.php(123): Illuminate\\Support\\Collection->mapWithKeys(Object(Closure))
#3 /Applications/XAMPP/xamppfiles/htdocs/TecWeb2023/vendor/laravel/framework/src/Illuminate/Foundation/PackageManifest.php(97): Illuminate\\Foundation\\PackageManifest->build()
#4 /Applications/XAMPP/xamppfiles/htdocs/TecWeb2023/vendor/laravel/framework/src/Illuminate/Foundation/PackageManifest.php(80): Illuminate\\Foundation\\PackageManifest->getManifest()
#5 /Applications/XAMPP/xamppfiles/htdocs/TecWeb2023/vendor/laravel/framework/src/Illuminate/Foundation/Bootstrap/RegisterFacades.php(26): Illuminate\\Foundation\\PackageManifest->aliases()
#6 /Applications/XAMPP/xamppfiles/htdocs/TecWeb2023/vendor/laravel/framework/src/Illuminate/Foundation/Application.php(211): Illuminate\\Foundation\\Bootstrap\\RegisterFacades->bootstrap(Object(Illuminate\\Foundation\\Application))
#7 /Applications/XAMPP/xamppfiles/htdocs/TecWeb2023/vendor/laravel/framework/src/Illuminate/Foundation/Console/Kernel.php(320): Illuminate\\Foundation\\Application->bootstrapWith(Array)
#8 /Applications/XAMPP/xamppfiles/htdocs/TecWeb2023/vendor/laravel/framework/src/Illuminate/Foundation/Console/Kernel.php(129): Illuminate\\Foundation\\Console\\Kernel->bootstrap()
#9 /Applications/XAMPP/xamppfiles/htdocs/TecWeb2023/artisan(37): Illuminate\\Foundation\\Console\\Kernel->handle(Object(Symfony\\Component\\Console\\Input\\ArgvInput), Object(Symfony\\Component\\Console\\Output\\ConsoleOutput))
#10 {main}
"} 
[2023-01-27 11:32:54] local.ERROR: Undefined index: name {"exception":"[object] (ErrorException(code: 0): Undefined index: name at /Applications/XAMPP/xamppfiles/htdocs/TecWeb2023/vendor/laravel/framework/src/Illuminate/Foundation/PackageManifest.php:122)
[stacktrace]
#0 /Applications/XAMPP/xamppfiles/htdocs/TecWeb2023/vendor/laravel/framework/src/Illuminate/Foundation/PackageManifest.php(122): Illuminate\\Foundation\\Bootstrap\\HandleExceptions->handleError(8, 'Undefined index...', '/Applications/X...', 122, Array)
#1 /Applications/XAMPP/xamppfiles/htdocs/TecWeb2023/vendor/laravel/framework/src/Illuminate/Support/Collection.php(685): Illuminate\\Foundation\\PackageManifest->Illuminate\\Foundation\\{closure}(Array, 'packages')
#2 /Applications/XAMPP/xamppfiles/htdocs/TecWeb2023/vendor/laravel/framework/src/Illuminate/Foundation/PackageManifest.php(123): Illuminate\\Support\\Collection->mapWithKeys(Object(Closure))
#3 /Applications/XAMPP/xamppfiles/htdocs/TecWeb2023/vendor/laravel/framework/src/Illuminate/Foundation/PackageManifest.php(97): Illuminate\\Foundation\\PackageManifest->build()
#4 /Applications/XAMPP/xamppfiles/htdocs/TecWeb2023/vendor/laravel/framework/src/Illuminate/Foundation/PackageManifest.php(80): Illuminate\\Foundation\\PackageManifest->getManifest()
#5 /Applications/XAMPP/xamppfiles/htdocs/TecWeb2023/vendor/laravel/framework/src/Illuminate/Foundation/Bootstrap/RegisterFacades.php(26): Illuminate\\Foundation\\PackageManifest->aliases()
#6 /Applications/XAMPP/xamppfiles/htdocs/TecWeb2023/vendor/laravel/framework/src/Illuminate/Foundation/Application.php(211): Illuminate\\Foundation\\Bootstrap\\RegisterFacades->bootstrap(Object(Illuminate\\Foundation\\Application))
#7 /Applications/XAMPP/xamppfiles/htdocs/TecWeb2023/vendor/laravel/framework/src/Illuminate/Foundation/Console/Kernel.php(320): Illuminate\\Foundation\\Application->bootstrapWith(Array)
#8 /Applications/XAMPP/xamppfiles/htdocs/TecWeb2023/vendor/laravel/framework/src/Illuminate/Foundation/Console/Kernel.php(129): Illuminate\\Foundation\\Console\\Kernel->bootstrap()
#9 /Applications/XAMPP/xamppfiles/htdocs/TecWeb2023/artisan(37): Illuminate\\Foundation\\Console\\Kernel->handle(Object(Symfony\\Component\\Console\\Input\\ArgvInput), Object(Symfony\\Component\\Console\\Output\\ConsoleOutput))
#10 {main}
"} 
[2023-01-27 11:33:05] local.ERROR: Undefined index: name {"exception":"[object] (ErrorException(code: 0): Undefined index: name at /Applications/XAMPP/xamppfiles/htdocs/TecWeb2023/vendor/laravel/framework/src/Illuminate/Foundation/PackageManifest.php:122)
[stacktrace]
#0 /Applications/XAMPP/xamppfiles/htdocs/TecWeb2023/vendor/laravel/framework/src/Illuminate/Foundation/PackageManifest.php(122): Illuminate\\Foundation\\Bootstrap\\HandleExceptions->handleError(8, 'Undefined index...', '/Applications/X...', 122, Array)
#1 /Applications/XAMPP/xamppfiles/htdocs/TecWeb2023/vendor/laravel/framework/src/Illuminate/Support/Collection.php(685): Illuminate\\Foundation\\PackageManifest->Illuminate\\Foundation\\{closure}(Array, 'packages')
#2 /Applications/XAMPP/xamppfiles/htdocs/TecWeb2023/vendor/laravel/framework/src/Illuminate/Foundation/PackageManifest.php(123): Illuminate\\Support\\Collection->mapWithKeys(Object(Closure))
#3 /Applications/XAMPP/xamppfiles/htdocs/TecWeb2023/vendor/laravel/framework/src/Illuminate/Foundation/PackageManifest.php(97): Illuminate\\Foundation\\PackageManifest->build()
#4 /Applications/XAMPP/xamppfiles/htdocs/TecWeb2023/vendor/laravel/framework/src/Illuminate/Foundation/PackageManifest.php(80): Illuminate\\Foundation\\PackageManifest->getManifest()
#5 /Applications/XAMPP/xamppfiles/htdocs/TecWeb2023/vendor/laravel/framework/src/Illuminate/Foundation/Bootstrap/RegisterFacades.php(26): Illuminate\\Foundation\\PackageManifest->aliases()
#6 /Applications/XAMPP/xamppfiles/htdocs/TecWeb2023/vendor/laravel/framework/src/Illuminate/Foundation/Application.php(211): Illuminate\\Foundation\\Bootstrap\\RegisterFacades->bootstrap(Object(Illuminate\\Foundation\\Application))
#7 /Applications/XAMPP/xamppfiles/htdocs/TecWeb2023/vendor/laravel/framework/src/Illuminate/Foundation/Console/Kernel.php(320): Illuminate\\Foundation\\Application->bootstrapWith(Array)
#8 /Applications/XAMPP/xamppfiles/htdocs/TecWeb2023/vendor/laravel/framework/src/Illuminate/Foundation/Console/Kernel.php(129): Illuminate\\Foundation\\Console\\Kernel->bootstrap()
#9 /Applications/XAMPP/xamppfiles/htdocs/TecWeb2023/artisan(37): Illuminate\\Foundation\\Console\\Kernel->handle(Object(Symfony\\Component\\Console\\Input\\ArgvInput), Object(Symfony\\Component\\Console\\Output\\ConsoleOutput))
#10 {main}
"} 
[2023-01-27 11:33:16] local.ERROR: Undefined index: name {"exception":"[object] (ErrorException(code: 0): Undefined index: name at /Applications/XAMPP/xamppfiles/htdocs/TecWeb2023/vendor/laravel/framework/src/Illuminate/Foundation/PackageManifest.php:122)
[stacktrace]
#0 /Applications/XAMPP/xamppfiles/htdocs/TecWeb2023/vendor/laravel/framework/src/Illuminate/Foundation/PackageManifest.php(122): Illuminate\\Foundation\\Bootstrap\\HandleExceptions->handleError(8, 'Undefined index...', '/Applications/X...', 122, Array)
#1 /Applications/XAMPP/xamppfiles/htdocs/TecWeb2023/vendor/laravel/framework/src/Illuminate/Support/Collection.php(685): Illuminate\\Foundation\\PackageManifest->Illuminate\\Foundation\\{closure}(Array, 'packages')
#2 /Applications/XAMPP/xamppfiles/htdocs/TecWeb2023/vendor/laravel/framework/src/Illuminate/Foundation/PackageManifest.php(123): Illuminate\\Support\\Collection->mapWithKeys(Object(Closure))
#3 /Applications/XAMPP/xamppfiles/htdocs/TecWeb2023/vendor/laravel/framework/src/Illuminate/Foundation/PackageManifest.php(97): Illuminate\\Foundation\\PackageManifest->build()
#4 /Applications/XAMPP/xamppfiles/htdocs/TecWeb2023/vendor/laravel/framework/src/Illuminate/Foundation/PackageManifest.php(80): Illuminate\\Foundation\\PackageManifest->getManifest()
#5 /Applications/XAMPP/xamppfiles/htdocs/TecWeb2023/vendor/laravel/framework/src/Illuminate/Foundation/Bootstrap/RegisterFacades.php(26): Illuminate\\Foundation\\PackageManifest->aliases()
#6 /Applications/XAMPP/xamppfiles/htdocs/TecWeb2023/vendor/laravel/framework/src/Illuminate/Foundation/Application.php(211): Illuminate\\Foundation\\Bootstrap\\RegisterFacades->bootstrap(Object(Illuminate\\Foundation\\Application))
#7 /Applications/XAMPP/xamppfiles/htdocs/TecWeb2023/vendor/laravel/framework/src/Illuminate/Foundation/Console/Kernel.php(320): Illuminate\\Foundation\\Application->bootstrapWith(Array)
#8 /Applications/XAMPP/xamppfiles/htdocs/TecWeb2023/vendor/laravel/framework/src/Illuminate/Foundation/Console/Kernel.php(129): Illuminate\\Foundation\\Console\\Kernel->bootstrap()
#9 /Applications/XAMPP/xamppfiles/htdocs/TecWeb2023/artisan(37): Illuminate\\Foundation\\Console\\Kernel->handle(Object(Symfony\\Component\\Console\\Input\\ArgvInput), Object(Symfony\\Component\\Console\\Output\\ConsoleOutput))
#10 {main}
"} 
